<?xml version="1.0" encoding="UTF-8"?>
<!-- Generated by org.testng.reporters.JUnitReportReporter -->
<testsuite hostname="ganesh-PC" failures="0" tests="1" name="Com.OrangeHRM.TestCases.HomepageTest" time="29.281" errors="0" timestamp="2022-10-18T17:19:30 IST" skipped="0">
  <testcase classname="Com.OrangeHRM.TestCases.HomepageTest" name="EmployeeName" time="29.281"/>
  <system-out/>
</testsuite> <!-- Com.OrangeHRM.TestCases.HomepageTest -->
